Client lçogged in
Expense transaction created
Expense transaction created
Expense transaction created
Expense transaction created
Expense transaction created
Expense transaction created
Expense transaction created
Expense transaction created
Expense transaction created
Expense transaction created
Expense transaction created
Expense transaction created
Expense transaction created
Expense transaction created
Expense transaction created
Expense transaction created
Expense transaction created
Expense transaction created
Expense transaction created
Expense transaction created
Expense transaction created
Expense transaction created
Expense transaction created
Expense transaction created
Expense transaction created
Expense transaction created
Expense transaction created
Expense transaction created
Expense transaction created
Expense transaction created
Expense transaction created
Expense transaction created
Expense transaction created
Expense transaction created
Expense transaction created
Expense transaction created
Expense transaction created
Expense transaction created
Expense transaction created
Expense transaction created
Expense transaction created
Expense transaction created
Expense transaction created
Expense transaction created
Expense transaction created
Expense transaction created
Expense transaction created
Expense transaction created
Expense transaction created
Expense transaction created
Expense transaction created
Expense transaction created
Expense transaction created
Expense transaction created
Expense transaction created
Expense transaction created
Expense transaction created
Expense transaction created
Expense transaction created
Expense transaction created
Expense transaction created
Expense transaction created
Expense transaction created
Expense transaction created
Expense transaction created
Expense transaction created
Expense transaction created
Expense transaction created
Expense transaction created
Expense transaction created
Expense transaction created
Expense transaction created
Expense transaction created
Expense transaction created
Expense transaction created
Expense transaction created
Expense transaction created
Expense transaction created
Expense transaction created
Expense transaction created
Expense transaction created
Expense transaction created
Expense transaction created
Expense transaction created
Expense transaction created
Expense transaction created
Expense transaction created
Expense transaction created
Expense transaction created
Expense transaction created
Expense transaction created
Expense transaction created
Expense transaction created
Expense transaction created
Expense transaction created
Expense transaction created
Expense transaction created
Expense transaction created
Expense transaction created
Expense transaction created
Expenses transactions created
Revenue transaction created
Enter the Reports
Client lifecycle ended.
