Client created
Accounts created
Category created
Category created
Category created
Category created
Category created
Categories created
Expense transaction created
Expense transaction created
Expense transaction created
Expense transaction created
Expense transaction created
Expense transaction created
Expense transaction created
Expense transaction created
Expense transaction created
Expense transaction created
Expense transaction created
Expense transaction created
Expense transaction created
Expense transaction created
Expense transaction created
Expense transaction created
Expense transaction created
Expense transaction created
Expense transaction created
Expense transaction created
Expense transaction created
Expense transaction created
Expense transaction created
Expense transaction created
Expense transaction created
Expense transaction created
Expense transaction created
Expense transaction created
Expense transaction created
Expense transaction created
Expense transaction created
Expense transaction created
Expense transaction created
Expense transaction created
Expense transaction created
Expense transaction created
Expense transaction created
Expense transaction created
Expense transaction created
Expense transaction created
Expense transaction created
Expense transaction created
Expense transaction created
Expense transaction created
Expense transaction created
Expense transaction created
Expense transaction created
Expense transaction created
Expense transaction created
Expense transaction created
Expense transaction created
Expense transaction created
Expense transaction created
Expense transaction created
Expense transaction created
Expense transaction created
Expense transaction created
Expense transaction created
Expense transaction created
Expense transaction created
Expense transaction created
Expense transaction created
Expense transaction created
Expense transaction created
Expense transaction created
Expense transaction created
Expense transaction created
Expense transaction created
Expense transaction created
Expense transaction created
Expense transaction created
Expense transaction created
Expense transaction created
Expense transaction created
Expense transaction created
Expense transaction created
Expense transaction created
Expense transaction created
Expense transaction created
Expense transaction created
Expense transaction created
Expense transaction created
Expense transaction created
Expense transaction created
Expense transaction created
Expense transaction created
Expense transaction created
Expense transaction created
Expense transaction created
Expense transaction created
Expense transaction created
Expense transaction created
Expense transaction created
Expense transaction created
Expense transaction created
Expense transaction created
Expense transaction created
Expense transaction created
Expense transaction created
Expense transaction created
Expenses transactions created
Revenue transaction created
Enter the Reports
Client lifecycle ended.
